<?xml version="1.0" encoding="UTF-8"?>
<testng-results skipped="0" failed="0" ignored="0" total="1" passed="1">
  <reporter-output>
  </reporter-output>
  <suite name="Surefire suite" duration-ms="75" started-at="2021-05-31T09:47:09Z" finished-at="2021-05-31T09:47:09Z">
    <groups>
    </groups>
    <test name="Surefire test" duration-ms="75" started-at="2021-05-31T09:47:09Z" finished-at="2021-05-31T09:47:09Z">
      <class name="TestNG_class.TestNG_prog.AppTest">
        <test-method status="PASS" signature="shouldAnswerWithTrue()" name="shouldAnswerWithTrue" duration-ms="8" started-at="2021-05-31T09:47:09Z" finished-at="2021-05-31T09:47:09Z">
          <reporter-output>
          </reporter-output>
        </test-method> <!-- shouldAnswerWithTrue -->
      </class> <!-- TestNG_class.TestNG_prog.AppTest -->
    </test> <!-- Surefire test -->
  </suite> <!-- Surefire suite -->
</testng-results>
